<?xml version="1.0" encoding="UTF-8"?>
<testng-results total="2" passed="2" failed="0" skipped="0">
  <reporter-output>
  </reporter-output>
  <suite started-at="2020-11-28T23:22:29Z" name="Default suite" finished-at="2020-11-28T23:22:42Z" duration-ms="13287">
    <groups>
    </groups>
    <test started-at="2020-11-28T23:22:29Z" name="Default test" finished-at="2020-11-28T23:22:42Z" duration-ms="13287">
      <class name="com.ebay.qa.testcases.LoginPageTest">
        <test-method is-config="true" signature="setup()[pri:0, instance:com.ebay.qa.testcases.LoginPageTest@71a8adcf]" started-at="2020-11-28T18:22:29Z" name="setup" finished-at="2020-11-28T18:22:40Z" duration-ms="11419" status="PASS">
          <reporter-output>
          </reporter-output>
        </test-method> <!-- setup -->
        <test-method signature="titleTest()[pri:0, instance:com.ebay.qa.testcases.LoginPageTest@71a8adcf]" started-at="2020-11-28T18:22:40Z" name="titleTest" finished-at="2020-11-28T18:22:40Z" duration-ms="238" status="PASS">
          <reporter-output>
          </reporter-output>
        </test-method> <!-- titleTest -->
        <test-method signature="logintest()[pri:0, instance:com.ebay.qa.testcases.LoginPageTest@71a8adcf]" started-at="2020-11-28T18:22:40Z" name="logintest" finished-at="2020-11-28T18:22:42Z" duration-ms="1505" status="PASS">
          <reporter-output>
          </reporter-output>
        </test-method> <!-- logintest -->
        <test-method is-config="true" signature="exit()[pri:0, instance:com.ebay.qa.testcases.LoginPageTest@71a8adcf]" started-at="2020-11-28T18:22:42Z" name="exit" finished-at="2020-11-28T18:22:42Z" duration-ms="103" status="PASS">
          <reporter-output>
          </reporter-output>
        </test-method> <!-- exit -->
      </class> <!-- com.ebay.qa.testcases.LoginPageTest -->
    </test> <!-- Default test -->
  </suite> <!-- Default suite -->
</testng-results>
